Flow report for lfsr
Wed Jun 15 00:30:45 2022
Quartus II 64-Bit Version 13.1.0 Build 162 10/23/2013 SJ Web Edition


---------------------
; Table of Contents ;
---------------------
  1. Legal Notice
  2. Flow Summary
  3. Flow Settings
  4. Flow Non-Default Global Settings
  5. Flow Elapsed Time
  6. Flow OS Summary
  7. Flow Log
  8. Flow Messages
  9. Flow Suppressed Messages



----------------
; Legal Notice ;
----------------
Copyright (C) 1991-2013 Altera Corporation
Your use of Altera Corporation's design tools, logic functions 
and other software and tools, and its AMPP partner logic 
functions, and any output files from any of the foregoing 
(including device programming or simulation files), and any 
associated documentation or information are expressly subject 
to the terms and conditions of the Altera Program License 
Subscription Agreement, Altera MegaCore Function License 
Agreement, or other applicable license agreement, including, 
without limitation, that your use is for the sole purpose of 
programming logic devices manufactured by Altera and sold by 
Altera or its authorized distributors.  Please refer to the 
applicable agreement for further details.



+---------------------------------------------------------------------------------+
; Flow Summary                                                                    ;
+------------------------------------+--------------------------------------------+
; Flow Status                        ; Successful - Wed Jun 15 00:30:45 2022      ;
; Quartus II 64-Bit Version          ; 13.1.0 Build 162 10/23/2013 SJ Web Edition ;
; Revision Name                      ; lfsr                                       ;
; Top-level Entity Name              ; lfsr                                       ;
; Family                             ; Cyclone IV GX                              ;
; Total logic elements               ; 1 / 14,400 ( < 1 % )                       ;
;     Total combinational functions  ; 1 / 14,400 ( < 1 % )                       ;
;     Dedicated logic registers      ; 0 / 14,400 ( 0 % )                         ;
; Total registers                    ; 0                                          ;
; Total pins                         ; 12 / 81 ( 15 % )                           ;
; Total virtual pins                 ; 0                                          ;
; Total memory bits                  ; 0 / 552,960 ( 0 % )                        ;
; Embedded Multiplier 9-bit elements ; 0                                          ;
; Total GXB Receiver Channel PCS     ; 0 / 2 ( 0 % )                              ;
; Total GXB Receiver Channel PMA     ; 0 / 2 ( 0 % )                              ;
; Total GXB Transmitter Channel PCS  ; 0 / 2 ( 0 % )                              ;
; Total GXB Transmitter Channel PMA  ; 0 / 2 ( 0 % )                              ;
; Total PLLs                         ; 0 / 3 ( 0 % )                              ;
; Device                             ; EP4CGX15BF14C6                             ;
; Timing Models                      ; Final                                      ;
+------------------------------------+--------------------------------------------+


+-----------------------------------------+
; Flow Settings                           ;
+-------------------+---------------------+
; Option            ; Setting             ;
+-------------------+---------------------+
; Start date & time ; 06/14/2022 00:14:59 ;
; Main task         ; Compilation         ;
; Revision Name     ; lfsr                ;
+-------------------+---------------------+


+---------------------------------------------------------------------------------------------------------------------------------------------------------------------------+
; Flow Non-Default Global Settings                                                                                                                                          ;
+-------------------------------------+--------------------------------------------------------------------------------------+---------------+-------------+----------------+
; Assignment Name                     ; Value                                                                                ; Default Value ; Entity Name ; Section Id     ;
+-------------------------------------+--------------------------------------------------------------------------------------+---------------+-------------+----------------+
; COMPILER_SIGNATURE_ID               ; 929353979826.165513689912836                                                         ; --            ; --          ; --             ;
; EDA_GENERATE_FUNCTIONAL_NETLIST     ; On                                                                                   ; --            ; --          ; eda_simulation ;
; EDA_NETLIST_WRITER_OUTPUT_DIR       ; C:/Users/User/Documents/GitHub/Digital_electronics_study/src/LFSR_r/simulation/qsim/ ; --            ; --          ; eda_simulation ;
; EDA_OUTPUT_DATA_FORMAT              ; Verilog Hdl                                                                          ; --            ; --          ; eda_simulation ;
; EDA_SIMULATION_TOOL                 ; ModelSim-Altera (Verilog)                                                            ; <None>        ; --          ; --             ;
; PARTITION_COLOR                     ; 16764057                                                                             ; --            ; --          ; Top            ;
; PARTITION_FITTER_PRESERVATION_LEVEL ; PLACEMENT_AND_ROUTING                                                                ; --            ; --          ; Top            ;
; PARTITION_NETLIST_TYPE              ; SOURCE                                                                               ; --            ; --          ; Top            ;
; PROJECT_OUTPUT_DIRECTORY            ; output_files                                                                         ; --            ; --          ; --             ;
+-------------------------------------+--------------------------------------------------------------------------------------+---------------+-------------+----------------+


+-------------------------------------------------------------------------------------------------------------------------------+
; Flow Elapsed Time                                                                                                             ;
+---------------------------+--------------+-------------------------+---------------------+------------------------------------+
; Module Name               ; Elapsed Time ; Average Processors Used ; Peak Virtual Memory ; Total CPU Time (on all processors) ;
+---------------------------+--------------+-------------------------+---------------------+------------------------------------+
; Analysis & Synthesis      ; 00:00:01     ; 1.0                     ; 4767 MB             ; 00:00:01                           ;
; Fitter                    ; 00:00:03     ; 1.0                     ; 5763 MB             ; 00:00:04                           ;
; Assembler                 ; 00:00:01     ; 1.0                     ; 4643 MB             ; 00:00:01                           ;
; TimeQuest Timing Analyzer ; 00:00:02     ; 1.0                     ; 4711 MB             ; 00:00:01                           ;
; EDA Netlist Writer        ; 00:00:01     ; 1.0                     ; 4594 MB             ; 00:00:00                           ;
; EDA Netlist Writer        ; 00:00:01     ; 1.0                     ; 4606 MB             ; 00:00:00                           ;
; EDA Netlist Writer        ; 00:00:01     ; 1.0                     ; 4606 MB             ; 00:00:00                           ;
; EDA Netlist Writer        ; 00:00:00     ; 1.0                     ; 4606 MB             ; 00:00:00                           ;
; EDA Netlist Writer        ; 00:00:00     ; 1.0                     ; 4606 MB             ; 00:00:00                           ;
; EDA Netlist Writer        ; 00:00:00     ; 1.0                     ; 4606 MB             ; 00:00:00                           ;
; EDA Netlist Writer        ; 00:00:00     ; 1.0                     ; 4606 MB             ; 00:00:00                           ;
; EDA Netlist Writer        ; 00:00:00     ; 1.0                     ; 4607 MB             ; 00:00:00                           ;
; EDA Netlist Writer        ; 00:00:00     ; 1.0                     ; 4606 MB             ; 00:00:00                           ;
; EDA Netlist Writer        ; 00:00:00     ; 1.0                     ; 4607 MB             ; 00:00:00                           ;
; EDA Netlist Writer        ; 00:00:00     ; 1.0                     ; 4607 MB             ; 00:00:00                           ;
; EDA Netlist Writer        ; 00:00:01     ; 1.0                     ; 4606 MB             ; 00:00:00                           ;
; EDA Netlist Writer        ; 00:00:01     ; 1.0                     ; 4606 MB             ; 00:00:00                           ;
; EDA Netlist Writer        ; 00:00:00     ; 1.0                     ; 4606 MB             ; 00:00:00                           ;
; EDA Netlist Writer        ; 00:00:00     ; 1.0                     ; 4606 MB             ; 00:00:00                           ;
; EDA Netlist Writer        ; 00:00:00     ; 1.0                     ; 4606 MB             ; 00:00:00                           ;
; EDA Netlist Writer        ; 00:00:00     ; 1.0                     ; 4606 MB             ; 00:00:00                           ;
; Total                     ; 00:00:12     ; --                      ; --                  ; 00:00:07                           ;
+---------------------------+--------------+-------------------------+---------------------+------------------------------------+


+----------------------------------------------------------------------------------------+
; Flow OS Summary                                                                        ;
+---------------------------+------------------+-----------+------------+----------------+
; Module Name               ; Machine Hostname ; OS Name   ; OS Version ; Processor type ;
+---------------------------+------------------+-----------+------------+----------------+
; Analysis & Synthesis      ; TAKEDA-CH4200    ; Windows 7 ; 6.2        ; x86_64         ;
; Fitter                    ; TAKEDA-CH4200    ; Windows 7 ; 6.2        ; x86_64         ;
; Assembler                 ; TAKEDA-CH4200    ; Windows 7 ; 6.2        ; x86_64         ;
; TimeQuest Timing Analyzer ; TAKEDA-CH4200    ; Windows 7 ; 6.2        ; x86_64         ;
; EDA Netlist Writer        ; TAKEDA-CH4200    ; Windows 7 ; 6.2        ; x86_64         ;
; EDA Netlist Writer        ; TAKEDA-CH4200    ; Windows 7 ; 6.2        ; x86_64         ;
; EDA Netlist Writer        ; TAKEDA-CH4200    ; Windows 7 ; 6.2        ; x86_64         ;
; EDA Netlist Writer        ; TAKEDA-CH4200    ; Windows 7 ; 6.2        ; x86_64         ;
; EDA Netlist Writer        ; TAKEDA-CH4200    ; Windows 7 ; 6.2        ; x86_64         ;
; EDA Netlist Writer        ; TAKEDA-CH4200    ; Windows 7 ; 6.2        ; x86_64         ;
; EDA Netlist Writer        ; TAKEDA-CH4200    ; Windows 7 ; 6.2        ; x86_64         ;
; EDA Netlist Writer        ; TAKEDA-CH4200    ; Windows 7 ; 6.2        ; x86_64         ;
; EDA Netlist Writer        ; TAKEDA-CH4200    ; Windows 7 ; 6.2        ; x86_64         ;
; EDA Netlist Writer        ; TAKEDA-CH4200    ; Windows 7 ; 6.2        ; x86_64         ;
; EDA Netlist Writer        ; TAKEDA-CH4200    ; Windows 7 ; 6.2        ; x86_64         ;
; EDA Netlist Writer        ; TAKEDA-CH4200    ; Windows 7 ; 6.2        ; x86_64         ;
; EDA Netlist Writer        ; TAKEDA-CH4200    ; Windows 7 ; 6.2        ; x86_64         ;
; EDA Netlist Writer        ; TAKEDA-CH4200    ; Windows 7 ; 6.2        ; x86_64         ;
; EDA Netlist Writer        ; TAKEDA-CH4200    ; Windows 7 ; 6.2        ; x86_64         ;
; EDA Netlist Writer        ; TAKEDA-CH4200    ; Windows 7 ; 6.2        ; x86_64         ;
; EDA Netlist Writer        ; TAKEDA-CH4200    ; Windows 7 ; 6.2        ; x86_64         ;
+---------------------------+------------------+-----------+------------+----------------+


------------
; Flow Log ;
------------
quartus_map --read_settings_files=on --write_settings_files=off lfsr -c lfsr
quartus_fit --read_settings_files=off --write_settings_files=off lfsr -c lfsr
quartus_asm --read_settings_files=off --write_settings_files=off lfsr -c lfsr
quartus_sta lfsr -c lfsr
quartus_eda --read_settings_files=off --write_settings_files=off lfsr -c lfsr
quartus_eda --gen_testbench --check_outputs=on --tool=modelsim_oem --format=verilog lfsr -c lfsr --vector_source=C:/Users/User/Documents/GitHub/Digital_electronics_study/src/LFSR_r/Waveform3.vwf --testbench_file=C:/Users/User/Documents/GitHub/Digital_electronics_study/src/LFSR_r/simulation/qsim/Waveform3.vwf.vt
quartus_eda --functional=on --flatten_buses=off --simulation=on --tool=modelsim_oem --format=verilog --output_directory=C:/Users/User/Documents/GitHub/Digital_electronics_study/src/LFSR_r/simulation/qsim/ lfsr -c lfsr
quartus_eda --gen_testbench --check_outputs=on --tool=modelsim_oem --format=verilog lfsr -c lfsr --vector_source=C:/Users/User/Documents/GitHub/Digital_electronics_study/src/LFSR_r/Waveform3.vwf --testbench_file=C:/Users/User/Documents/GitHub/Digital_electronics_study/src/LFSR_r/simulation/qsim/Waveform3.vwf.vt
quartus_eda --functional=on --flatten_buses=off --simulation=on --tool=modelsim_oem --format=verilog --output_directory=C:/Users/User/Documents/GitHub/Digital_electronics_study/src/LFSR_r/simulation/qsim/ lfsr -c lfsr
quartus_eda --gen_testbench --check_outputs=on --tool=modelsim_oem --format=verilog lfsr -c lfsr --vector_source=C:/Users/User/Documents/GitHub/Digital_electronics_study/src/LFSR_r/Waveform3.vwf --testbench_file=C:/Users/User/Documents/GitHub/Digital_electronics_study/src/LFSR_r/simulation/qsim/Waveform3.vwf.vt
quartus_eda --functional=on --flatten_buses=off --simulation=on --tool=modelsim_oem --format=verilog --output_directory=C:/Users/User/Documents/GitHub/Digital_electronics_study/src/LFSR_r/simulation/qsim/ lfsr -c lfsr
quartus_eda --gen_testbench --check_outputs=on --tool=modelsim_oem --format=verilog lfsr -c lfsr --vector_source=C:/Users/User/Documents/GitHub/Digital_electronics_study/src/LFSR_r/Waveform3.vwf --testbench_file=C:/Users/User/Documents/GitHub/Digital_electronics_study/src/LFSR_r/simulation/qsim/Waveform3.vwf.vt
quartus_eda --functional=on --flatten_buses=off --simulation=on --tool=modelsim_oem --format=verilog --output_directory=C:/Users/User/Documents/GitHub/Digital_electronics_study/src/LFSR_r/simulation/qsim/ lfsr -c lfsr
quartus_eda --gen_testbench --check_outputs=on --tool=modelsim_oem --format=verilog lfsr -c lfsr --vector_source=C:/Users/User/Documents/GitHub/Digital_electronics_study/src/LFSR_r/Waveform3.vwf --testbench_file=C:/Users/User/Documents/GitHub/Digital_electronics_study/src/LFSR_r/simulation/qsim/Waveform3.vwf.vt
quartus_eda --functional=on --flatten_buses=off --simulation=on --tool=modelsim_oem --format=verilog --output_directory=C:/Users/User/Documents/GitHub/Digital_electronics_study/src/LFSR_r/simulation/qsim/ lfsr -c lfsr
quartus_eda --gen_testbench --check_outputs=on --tool=modelsim_oem --format=verilog lfsr -c lfsr --vector_source=C:/Users/User/Documents/GitHub/Digital_electronics_study/src/LFSR_r/Waveform3.vwf --testbench_file=C:/Users/User/Documents/GitHub/Digital_electronics_study/src/LFSR_r/simulation/qsim/Waveform3.vwf.vt
quartus_eda --functional=on --flatten_buses=off --simulation=on --tool=modelsim_oem --format=verilog --output_directory=C:/Users/User/Documents/GitHub/Digital_electronics_study/src/LFSR_r/simulation/qsim/ lfsr -c lfsr
quartus_eda --gen_testbench --check_outputs=on --tool=modelsim_oem --format=verilog lfsr -c lfsr --vector_source=C:/Users/User/Documents/GitHub/Digital_electronics_study/src/LFSR_r/Waveform3.vwf --testbench_file=C:/Users/User/Documents/GitHub/Digital_electronics_study/src/LFSR_r/simulation/qsim/Waveform3.vwf.vt
quartus_eda --functional=on --flatten_buses=off --simulation=on --tool=modelsim_oem --format=verilog --output_directory=C:/Users/User/Documents/GitHub/Digital_electronics_study/src/LFSR_r/simulation/qsim/ lfsr -c lfsr
quartus_eda --gen_testbench --check_outputs=on --tool=modelsim_oem --format=verilog lfsr -c lfsr --vector_source=C:/Users/User/Documents/GitHub/Digital_electronics_study/src/LFSR_r/Waveform3.vwf --testbench_file=C:/Users/User/Documents/GitHub/Digital_electronics_study/src/LFSR_r/simulation/qsim/Waveform3.vwf.vt
quartus_eda --functional=on --flatten_buses=off --simulation=on --tool=modelsim_oem --format=verilog --output_directory=C:/Users/User/Documents/GitHub/Digital_electronics_study/src/LFSR_r/simulation/qsim/ lfsr -c lfsr



