Flow report for final
Tue Jun 21 22:38:31 2022
Quartus II 64-Bit Version 13.1.0 Build 162 10/23/2013 SJ Web Edition


---------------------
; Table of Contents ;
---------------------
  1. Legal Notice
  2. Flow Summary
  3. Flow Settings
  4. Flow Non-Default Global Settings
  5. Flow Elapsed Time
  6. Flow OS Summary
  7. Flow Log
  8. Flow Messages
  9. Flow Suppressed Messages



----------------
; Legal Notice ;
----------------
Copyright (C) 1991-2013 Altera Corporation
Your use of Altera Corporation's design tools, logic functions 
and other software and tools, and its AMPP partner logic 
functions, and any output files from any of the foregoing 
(including device programming or simulation files), and any 
associated documentation or information are expressly subject 
to the terms and conditions of the Altera Program License 
Subscription Agreement, Altera MegaCore Function License 
Agreement, or other applicable license agreement, including, 
without limitation, that your use is for the sole purpose of 
programming logic devices manufactured by Altera and sold by 
Altera or its authorized distributors.  Please refer to the 
applicable agreement for further details.



+------------------------------------------------------------------------------+
; Flow Summary                                                                 ;
+---------------------------------+--------------------------------------------+
; Flow Status                     ; Successful - Tue Jun 21 22:38:31 2022      ;
; Quartus II 64-Bit Version       ; 13.1.0 Build 162 10/23/2013 SJ Web Edition ;
; Revision Name                   ; final                                      ;
; Top-level Entity Name           ; final                                      ;
; Family                          ; Cyclone V                                  ;
; Device                          ; 5CEFA4F23C8                                ;
; Timing Models                   ; Final                                      ;
; Logic utilization (in ALMs)     ; 109 / 18,480 ( < 1 % )                     ;
; Total registers                 ; 78                                         ;
; Total pins                      ; 29 / 224 ( 13 % )                          ;
; Total virtual pins              ; 0                                          ;
; Total block memory bits         ; 0 / 3,153,920 ( 0 % )                      ;
; Total DSP Blocks                ; 0 / 66 ( 0 % )                             ;
; Total HSSI RX PCSs              ; 0                                          ;
; Total HSSI PMA RX Deserializers ; 0                                          ;
; Total HSSI TX PCSs              ; 0                                          ;
; Total HSSI TX Channels          ; 0                                          ;
; Total PLLs                      ; 0 / 4 ( 0 % )                              ;
; Total DLLs                      ; 0 / 4 ( 0 % )                              ;
+---------------------------------+--------------------------------------------+


+-----------------------------------------+
; Flow Settings                           ;
+-------------------+---------------------+
; Option            ; Setting             ;
+-------------------+---------------------+
; Start date & time ; 06/21/2022 22:36:52 ;
; Main task         ; Compilation         ;
; Revision Name     ; final               ;
+-------------------+---------------------+


+--------------------------------------------------------------------------------------------------------------------------------------------------------------------------+
; Flow Non-Default Global Settings                                                                                                                                         ;
+-------------------------------------+-------------------------------------------------------------------------------------+---------------+-------------+----------------+
; Assignment Name                     ; Value                                                                               ; Default Value ; Entity Name ; Section Id     ;
+-------------------------------------+-------------------------------------------------------------------------------------+---------------+-------------+----------------+
; COMPILER_SIGNATURE_ID               ; 929353979826.165582221214800                                                        ; --            ; --          ; --             ;
; EDA_GENERATE_FUNCTIONAL_NETLIST     ; On                                                                                  ; --            ; --          ; eda_simulation ;
; EDA_NETLIST_WRITER_OUTPUT_DIR       ; C:/Users/User/Documents/GitHub/Digital_electronics_study/src/final/simulation/qsim/ ; --            ; --          ; eda_simulation ;
; EDA_OUTPUT_DATA_FORMAT              ; Verilog Hdl                                                                         ; --            ; --          ; eda_simulation ;
; EDA_SIMULATION_TOOL                 ; ModelSim-Altera (Verilog)                                                           ; <None>        ; --          ; --             ;
; MAX_CORE_JUNCTION_TEMP              ; 85                                                                                  ; --            ; --          ; --             ;
; MIN_CORE_JUNCTION_TEMP              ; 0                                                                                   ; --            ; --          ; --             ;
; PARTITION_COLOR                     ; 16764057                                                                            ; --            ; --          ; Top            ;
; PARTITION_FITTER_PRESERVATION_LEVEL ; PLACEMENT_AND_ROUTING                                                               ; --            ; --          ; Top            ;
; PARTITION_NETLIST_TYPE              ; SOURCE                                                                              ; --            ; --          ; Top            ;
; PROJECT_OUTPUT_DIRECTORY            ; output_files                                                                        ; --            ; --          ; --             ;
+-------------------------------------+-------------------------------------------------------------------------------------+---------------+-------------+----------------+


+-------------------------------------------------------------------------------------------------------------------------------+
; Flow Elapsed Time                                                                                                             ;
+---------------------------+--------------+-------------------------+---------------------+------------------------------------+
; Module Name               ; Elapsed Time ; Average Processors Used ; Peak Virtual Memory ; Total CPU Time (on all processors) ;
+---------------------------+--------------+-------------------------+---------------------+------------------------------------+
; Analysis & Synthesis      ; 00:00:02     ; 1.0                     ; 4753 MB             ; 00:00:02                           ;
; Fitter                    ; 00:00:18     ; 2.6                     ; 6061 MB             ; 00:00:25                           ;
; Assembler                 ; 00:00:04     ; 1.0                     ; 4731 MB             ; 00:00:04                           ;
; TimeQuest Timing Analyzer ; 00:00:04     ; 1.0                     ; 4987 MB             ; 00:00:05                           ;
; EDA Netlist Writer        ; 00:00:00     ; 1.0                     ; 4613 MB             ; 00:00:01                           ;
; I/O Assignment Analysis   ; 00:00:05     ; 1.0                     ; 5116 MB             ; 00:00:05                           ;
; Total                     ; 00:00:33     ; --                      ; --                  ; 00:00:42                           ;
+---------------------------+--------------+-------------------------+---------------------+------------------------------------+


+----------------------------------------------------------------------------------------+
; Flow OS Summary                                                                        ;
+---------------------------+------------------+-----------+------------+----------------+
; Module Name               ; Machine Hostname ; OS Name   ; OS Version ; Processor type ;
+---------------------------+------------------+-----------+------------+----------------+
; Analysis & Synthesis      ; TAKEDA-CH4200    ; Windows 7 ; 6.2        ; x86_64         ;
; Fitter                    ; TAKEDA-CH4200    ; Windows 7 ; 6.2        ; x86_64         ;
; Assembler                 ; TAKEDA-CH4200    ; Windows 7 ; 6.2        ; x86_64         ;
; TimeQuest Timing Analyzer ; TAKEDA-CH4200    ; Windows 7 ; 6.2        ; x86_64         ;
; EDA Netlist Writer        ; TAKEDA-CH4200    ; Windows 7 ; 6.2        ; x86_64         ;
; I/O Assignment Analysis   ; TAKEDA-CH4200    ; Windows 7 ; 6.2        ; x86_64         ;
+---------------------------+------------------+-----------+------------+----------------+


------------
; Flow Log ;
------------
quartus_map --read_settings_files=on --write_settings_files=off final -c final
quartus_fit --read_settings_files=off --write_settings_files=off final -c final
quartus_asm --read_settings_files=off --write_settings_files=off final -c final
quartus_sta final -c final
quartus_eda --read_settings_files=off --write_settings_files=off final -c final
quartus_fit --read_settings_files=on --write_settings_files=off final -c final --check_ios



