Analysis & Synthesis report for final
Wed Jun 22 00:11:39 2022
Quartus II 64-Bit Version 13.1.0 Build 162 10/23/2013 SJ Web Edition


---------------------
; Table of Contents ;
---------------------
  1. Legal Notice
  2. Analysis & Synthesis Summary
  3. Analysis & Synthesis Settings
  4. Parallel Compilation
  5. Analysis & Synthesis Source Files Read
  6. Analysis & Synthesis Resource Usage Summary
  7. Analysis & Synthesis Resource Utilization by Entity
  8. Registers Removed During Synthesis
  9. Removed Registers Triggering Further Register Optimizations
 10. General Register Statistics
 11. Elapsed Time Per Partition
 12. Analysis & Synthesis Messages



----------------
; Legal Notice ;
----------------
Copyright (C) 1991-2013 Altera Corporation
Your use of Altera Corporation's design tools, logic functions 
and other software and tools, and its AMPP partner logic 
functions, and any output files from any of the foregoing 
(including device programming or simulation files), and any 
associated documentation or information are expressly subject 
to the terms and conditions of the Altera Program License 
Subscription Agreement, Altera MegaCore Function License 
Agreement, or other applicable license agreement, including, 
without limitation, that your use is for the sole purpose of 
programming logic devices manufactured by Altera and sold by 
Altera or its authorized distributors.  Please refer to the 
applicable agreement for further details.



+------------------------------------------------------------------------------+
; Analysis & Synthesis Summary                                                 ;
+---------------------------------+--------------------------------------------+
; Analysis & Synthesis Status     ; Successful - Wed Jun 22 00:11:39 2022      ;
; Quartus II 64-Bit Version       ; 13.1.0 Build 162 10/23/2013 SJ Web Edition ;
; Revision Name                   ; final                                      ;
; Top-level Entity Name           ; final                                      ;
; Family                          ; Cyclone V                                  ;
; Logic utilization (in ALMs)     ; N/A                                        ;
; Total registers                 ; 0                                          ;
; Total pins                      ; 29                                         ;
; Total virtual pins              ; 0                                          ;
; Total block memory bits         ; 0                                          ;
; Total DSP Blocks                ; 0                                          ;
; Total HSSI RX PCSs              ; 0                                          ;
; Total HSSI PMA RX Deserializers ; 0                                          ;
; Total HSSI TX PCSs              ; 0                                          ;
; Total HSSI TX Channels          ; 0                                          ;
; Total PLLs                      ; 0                                          ;
; Total DLLs                      ; 0                                          ;
+---------------------------------+--------------------------------------------+


+---------------------------------------------------------------------------------------------------------------------------+
; Analysis & Synthesis Settings                                                                                             ;
+---------------------------------------------------------------------------------+--------------------+--------------------+
; Option                                                                          ; Setting            ; Default Value      ;
+---------------------------------------------------------------------------------+--------------------+--------------------+
; Device                                                                          ; 5CEFA2F23C8        ;                    ;
; Top-level entity name                                                           ; final              ; final              ;
; Family name                                                                     ; Cyclone V          ; Cyclone IV GX      ;
; Use smart compilation                                                           ; Off                ; Off                ;
; Enable parallel Assembler and TimeQuest Timing Analyzer during compilation      ; On                 ; On                 ;
; Enable compact report table                                                     ; Off                ; Off                ;
; Restructure Multiplexers                                                        ; Auto               ; Auto               ;
; MLAB Add Timing Constraints For Mixed-Port Feed-Through Mode Setting Don't Care ; Off                ; Off                ;
; Create Debugging Nodes for IP Cores                                             ; Off                ; Off                ;
; Preserve fewer node names                                                       ; On                 ; On                 ;
; Disable OpenCore Plus hardware evaluation                                       ; Off                ; Off                ;
; Verilog Version                                                                 ; Verilog_2001       ; Verilog_2001       ;
; VHDL Version                                                                    ; VHDL_1993          ; VHDL_1993          ;
; State Machine Processing                                                        ; Auto               ; Auto               ;
; Safe State Machine                                                              ; Off                ; Off                ;
; Extract Verilog State Machines                                                  ; On                 ; On                 ;
; Extract VHDL State Machines                                                     ; On                 ; On                 ;
; Ignore Verilog initial constructs                                               ; Off                ; Off                ;
; Iteration limit for constant Verilog loops                                      ; 5000               ; 5000               ;
; Iteration limit for non-constant Verilog loops                                  ; 250                ; 250                ;
; Add Pass-Through Logic to Inferred RAMs                                         ; On                 ; On                 ;
; Infer RAMs from Raw Logic                                                       ; On                 ; On                 ;
; Parallel Synthesis                                                              ; On                 ; On                 ;
; DSP Block Balancing                                                             ; Auto               ; Auto               ;
; NOT Gate Push-Back                                                              ; On                 ; On                 ;
; Power-Up Don't Care                                                             ; On                 ; On                 ;
; Remove Redundant Logic Cells                                                    ; Off                ; Off                ;
; Remove Duplicate Registers                                                      ; On                 ; On                 ;
; Ignore CARRY Buffers                                                            ; Off                ; Off                ;
; Ignore CASCADE Buffers                                                          ; Off                ; Off                ;
; Ignore GLOBAL Buffers                                                           ; Off                ; Off                ;
; Ignore ROW GLOBAL Buffers                                                       ; Off                ; Off                ;
; Ignore LCELL Buffers                                                            ; Off                ; Off                ;
; Ignore SOFT Buffers                                                             ; On                 ; On                 ;
; Limit AHDL Integers to 32 Bits                                                  ; Off                ; Off                ;
; Optimization Technique                                                          ; Balanced           ; Balanced           ;
; Carry Chain Length                                                              ; 70                 ; 70                 ;
; Auto Carry Chains                                                               ; On                 ; On                 ;
; Auto Open-Drain Pins                                                            ; On                 ; On                 ;
; Perform WYSIWYG Primitive Resynthesis                                           ; Off                ; Off                ;
; Auto ROM Replacement                                                            ; On                 ; On                 ;
; Auto RAM Replacement                                                            ; On                 ; On                 ;
; Auto DSP Block Replacement                                                      ; On                 ; On                 ;
; Auto Shift Register Replacement                                                 ; Auto               ; Auto               ;
; Allow Shift Register Merging across Hierarchies                                 ; Auto               ; Auto               ;
; Auto Clock Enable Replacement                                                   ; On                 ; On                 ;
; Strict RAM Replacement                                                          ; Off                ; Off                ;
; Allow Synchronous Control Signals                                               ; On                 ; On                 ;
; Force Use of Synchronous Clear Signals                                          ; Off                ; Off                ;
; Auto Resource Sharing                                                           ; Off                ; Off                ;
; Allow Any RAM Size For Recognition                                              ; Off                ; Off                ;
; Allow Any ROM Size For Recognition                                              ; Off                ; Off                ;
; Allow Any Shift Register Size For Recognition                                   ; Off                ; Off                ;
; Use LogicLock Constraints during Resource Balancing                             ; On                 ; On                 ;
; Ignore translate_off and synthesis_off directives                               ; Off                ; Off                ;
; Timing-Driven Synthesis                                                         ; On                 ; On                 ;
; Report Parameter Settings                                                       ; On                 ; On                 ;
; Report Source Assignments                                                       ; On                 ; On                 ;
; Report Connectivity Checks                                                      ; On                 ; On                 ;
; Ignore Maximum Fan-Out Assignments                                              ; Off                ; Off                ;
; Synchronization Register Chain Length                                           ; 3                  ; 3                  ;
; PowerPlay Power Optimization                                                    ; Normal compilation ; Normal compilation ;
; HDL message level                                                               ; Level2             ; Level2             ;
; Suppress Register Optimization Related Messages                                 ; Off                ; Off                ;
; Number of Removed Registers Reported in Synthesis Report                        ; 5000               ; 5000               ;
; Number of Swept Nodes Reported in Synthesis Report                              ; 5000               ; 5000               ;
; Number of Inverted Registers Reported in Synthesis Report                       ; 100                ; 100                ;
; Clock MUX Protection                                                            ; On                 ; On                 ;
; Auto Gated Clock Conversion                                                     ; Off                ; Off                ;
; Block Design Naming                                                             ; Auto               ; Auto               ;
; SDC constraint protection                                                       ; Off                ; Off                ;
; Synthesis Effort                                                                ; Auto               ; Auto               ;
; Shift Register Replacement - Allow Asynchronous Clear Signal                    ; On                 ; On                 ;
; Pre-Mapping Resynthesis Optimization                                            ; Off                ; Off                ;
; Analysis & Synthesis Message Level                                              ; Medium             ; Medium             ;
; Disable Register Merging Across Hierarchies                                     ; Auto               ; Auto               ;
; Resource Aware Inference For Block RAM                                          ; On                 ; On                 ;
; Synthesis Seed                                                                  ; 1                  ; 1                  ;
; Automatic Parallel Synthesis                                                    ; On                 ; On                 ;
+---------------------------------------------------------------------------------+--------------------+--------------------+


+------------------------------------------+
; Parallel Compilation                     ;
+----------------------------+-------------+
; Processors                 ; Number      ;
+----------------------------+-------------+
; Number detected on machine ; 8           ;
; Maximum allowed            ; 8           ;
;                            ;             ;
; Average used               ; 1.00        ;
; Maximum used               ; 1           ;
;                            ;             ;
; Usage by Processor         ; % Time Used ;
;     Processor 1            ; 100.0%      ;
;     Processors 2-8         ;   0.0%      ;
+----------------------------+-------------+


+-----------------------------------------------------------------------------------------------------------------------------------------------------------------------------------------------------+
; Analysis & Synthesis Source Files Read                                                                                                                                                              ;
+----------------------------------+-----------------+------------------------------------------+-------------------------------------------------------------------------------------------+---------+
; File Name with User-Entered Path ; Used in Netlist ; File Type                                ; File Name with Absolute Path                                                              ; Library ;
+----------------------------------+-----------------+------------------------------------------+-------------------------------------------------------------------------------------------+---------+
; final.bdf                        ; yes             ; User Block Diagram/Schematic File        ; C:/Users/User/Documents/GitHub/Digital_electronics_study/src/final/final.bdf              ;         ;
; pointsMemory/Point.vhd           ; yes             ; User VHDL File                           ; C:/Users/User/Documents/GitHub/Digital_electronics_study/src/final/pointsMemory/Point.vhd ;         ;
; vectorToBits.vhd                 ; yes             ; User VHDL File                           ; C:/Users/User/Documents/GitHub/Digital_electronics_study/src/final/vectorToBits.vhd       ;         ;
; win_lose.vhd                     ; yes             ; Auto-Found VHDL File                     ; C:/Users/User/Documents/GitHub/Digital_electronics_study/src/final/win_lose.vhd           ;         ;
; comparator8.vhd                  ; yes             ; Auto-Found VHDL File                     ; C:/Users/User/Documents/GitHub/Digital_electronics_study/src/final/comparator8.vhd        ;         ;
; bits8_comp.vhd                   ; yes             ; Auto-Found VHDL File                     ; C:/Users/User/Documents/GitHub/Digital_electronics_study/src/final/bits8_comp.vhd         ;         ;
; clk_gen.bdf                      ; yes             ; Auto-Found Block Diagram/Schematic File  ; C:/Users/User/Documents/GitHub/Digital_electronics_study/src/final/clk_gen.bdf            ;         ;
; div10_t.bdf                      ; yes             ; Auto-Found Block Diagram/Schematic File  ; C:/Users/User/Documents/GitHub/Digital_electronics_study/src/final/div10_t.bdf            ;         ;
; switch.vhd                       ; yes             ; Auto-Found VHDL File                     ; C:/Users/User/Documents/GitHub/Digital_electronics_study/src/final/switch.vhd             ;         ;
; lfsr.vhd                         ; yes             ; Auto-Found VHDL File                     ; C:/Users/User/Documents/GitHub/Digital_electronics_study/src/final/lfsr.vhd               ;         ;
; cardnum.vhd                      ; yes             ; Auto-Found VHDL File                     ; C:/Users/User/Documents/GitHub/Digital_electronics_study/src/final/cardnum.vhd            ;         ;
; bits8_comp_b.vhd                 ; yes             ; Auto-Found VHDL File                     ; C:/Users/User/Documents/GitHub/Digital_electronics_study/src/final/bits8_comp_b.vhd       ;         ;
; over11.vhd                       ; yes             ; Auto-Found VHDL File                     ; C:/Users/User/Documents/GitHub/Digital_electronics_study/src/final/over11.vhd             ;         ;
; lfsr_add.vhd                     ; yes             ; Auto-Found VHDL File                     ; C:/Users/User/Documents/GitHub/Digital_electronics_study/src/final/lfsr_add.vhd           ;         ;
; seven.vhd                        ; yes             ; Auto-Found VHDL File                     ; C:/Users/User/Documents/GitHub/Digital_electronics_study/src/final/seven.vhd              ;         ;
+----------------------------------+-----------------+------------------------------------------+-------------------------------------------------------------------------------------------+---------+


+----------------------------------------------------------+
; Analysis & Synthesis Resource Usage Summary              ;
+---------------------------------------------+------------+
; Resource                                    ; Usage      ;
+---------------------------------------------+------------+
; Estimate of Logic utilization (ALMs needed) ; 0          ;
;                                             ;            ;
; Combinational ALUT usage for logic          ; 0          ;
;     -- 7 input functions                    ; 0          ;
;     -- 6 input functions                    ; 0          ;
;     -- 5 input functions                    ; 0          ;
;     -- 4 input functions                    ; 0          ;
;     -- <=3 input functions                  ; 0          ;
;                                             ;            ;
; Dedicated logic registers                   ; 0          ;
;                                             ;            ;
; I/O pins                                    ; 29         ;
; Total DSP Blocks                            ; 0          ;
; Maximum fan-out node                        ; n21~output ;
; Maximum fan-out                             ; 1          ;
; Total fan-out                               ; 29         ;
; Average fan-out                             ; 0.50       ;
+---------------------------------------------+------------+


+-----------------------------------------------------------------------------------------------------------------------------------------------------------+
; Analysis & Synthesis Resource Utilization by Entity                                                                                                       ;
+----------------------------+-------------------+--------------+-------------------+------------+------+--------------+---------------------+--------------+
; Compilation Hierarchy Node ; LC Combinationals ; LC Registers ; Block Memory Bits ; DSP Blocks ; Pins ; Virtual Pins ; Full Hierarchy Name ; Library Name ;
+----------------------------+-------------------+--------------+-------------------+------------+------+--------------+---------------------+--------------+
; |final                     ; 0 (0)             ; 0 (0)        ; 0                 ; 0          ; 29   ; 0            ; |final              ; work         ;
+----------------------------+-------------------+--------------+-------------------+------------+------+--------------+---------------------+--------------+
Note: For table entries with two numbers listed, the numbers in parentheses indicate the number of resources of the given type used by the specific entity alone. The numbers listed outside of parentheses indicate the total resources of the given type used by the specific entity and all of its sub-entities in the hierarchy.


+---------------------------------------------------------------------------------+
; Registers Removed During Synthesis                                              ;
+----------------------------------------+----------------------------------------+
; Register name                          ; Reason for Removal                     ;
+----------------------------------------+----------------------------------------+
; vectorToBits:inst21|a0                 ; Stuck at VCC due to stuck port data_in ;
; vectorToBits:inst21|a1                 ; Stuck at GND due to stuck port data_in ;
; vectorToBits:inst21|a2                 ; Stuck at GND due to stuck port data_in ;
; vectorToBits:inst21|a3                 ; Stuck at VCC due to stuck port data_in ;
; clk_gen:inst23|div10_t:inst4|2         ; Lost fanout                            ;
; clk_gen:inst23|div10_t:inst4|5         ; Lost fanout                            ;
; clk_gen:inst23|div10_t:inst4|3         ; Lost fanout                            ;
; clk_gen:inst23|div10_t:inst4|1         ; Lost fanout                            ;
; clk_gen:inst23|div10_t:inst|2          ; Lost fanout                            ;
; clk_gen:inst23|div10_t:inst|5          ; Lost fanout                            ;
; clk_gen:inst23|div10_t:inst|3          ; Lost fanout                            ;
; clk_gen:inst23|div10_t:inst|1          ; Lost fanout                            ;
; clk_gen:inst23|div10_t:inst1|2         ; Lost fanout                            ;
; clk_gen:inst23|div10_t:inst1|5         ; Lost fanout                            ;
; clk_gen:inst23|div10_t:inst1|3         ; Lost fanout                            ;
; clk_gen:inst23|div10_t:inst1|1         ; Lost fanout                            ;
; clk_gen:inst23|div10_t:inst2|2         ; Lost fanout                            ;
; clk_gen:inst23|div10_t:inst2|5         ; Lost fanout                            ;
; clk_gen:inst23|div10_t:inst2|3         ; Lost fanout                            ;
; clk_gen:inst23|div10_t:inst2|1         ; Lost fanout                            ;
; clk_gen:inst23|div10_t:inst3|2         ; Lost fanout                            ;
; clk_gen:inst23|div10_t:inst3|5         ; Lost fanout                            ;
; clk_gen:inst23|div10_t:inst3|3         ; Lost fanout                            ;
; clk_gen:inst23|div10_t:inst3|1         ; Lost fanout                            ;
; Total Number of Removed Registers = 24 ;                                        ;
+----------------------------------------+----------------------------------------+


+------------------------------------------------------------------------------------------------------------------------------+
; Removed Registers Triggering Further Register Optimizations                                                                  ;
+--------------------------------+---------------------------+-----------------------------------------------------------------+
; Register name                  ; Reason for Removal        ; Registers Removed due to This Register                          ;
+--------------------------------+---------------------------+-----------------------------------------------------------------+
; vectorToBits:inst21|a0         ; Stuck at VCC              ; clk_gen:inst23|div10_t:inst4|2, clk_gen:inst23|div10_t:inst4|5, ;
;                                ; due to stuck port data_in ; clk_gen:inst23|div10_t:inst4|3, clk_gen:inst23|div10_t:inst4|1, ;
;                                ;                           ; clk_gen:inst23|div10_t:inst3|2, clk_gen:inst23|div10_t:inst3|5, ;
;                                ;                           ; clk_gen:inst23|div10_t:inst3|3, clk_gen:inst23|div10_t:inst3|1  ;
; clk_gen:inst23|div10_t:inst|2  ; Lost Fanouts              ; clk_gen:inst23|div10_t:inst|5, clk_gen:inst23|div10_t:inst|3,   ;
;                                ;                           ; clk_gen:inst23|div10_t:inst|1                                   ;
; clk_gen:inst23|div10_t:inst1|2 ; Lost Fanouts              ; clk_gen:inst23|div10_t:inst1|5, clk_gen:inst23|div10_t:inst1|3, ;
;                                ;                           ; clk_gen:inst23|div10_t:inst1|1                                  ;
; clk_gen:inst23|div10_t:inst2|2 ; Lost Fanouts              ; clk_gen:inst23|div10_t:inst2|5, clk_gen:inst23|div10_t:inst2|3, ;
;                                ;                           ; clk_gen:inst23|div10_t:inst2|1                                  ;
+--------------------------------+---------------------------+-----------------------------------------------------------------+


+------------------------------------------------------+
; General Register Statistics                          ;
+----------------------------------------------+-------+
; Statistic                                    ; Value ;
+----------------------------------------------+-------+
; Total registers                              ; 0     ;
; Number of registers using Synchronous Clear  ; 0     ;
; Number of registers using Synchronous Load   ; 0     ;
; Number of registers using Asynchronous Clear ; 0     ;
; Number of registers using Asynchronous Load  ; 0     ;
; Number of registers using Clock Enable       ; 0     ;
; Number of registers using Preset             ; 0     ;
+----------------------------------------------+-------+


+-------------------------------+
; Elapsed Time Per Partition    ;
+----------------+--------------+
; Partition Name ; Elapsed Time ;
+----------------+--------------+
; Top            ; 00:00:00     ;
+----------------+--------------+


+-------------------------------+
; Analysis & Synthesis Messages ;
+-------------------------------+
Info: *******************************************************************
Info: Running Quartus II 64-Bit Analysis & Synthesis
    Info: Version 13.1.0 Build 162 10/23/2013 SJ Web Edition
    Info: Processing started: Wed Jun 22 00:11:38 2022
Info: Command: quartus_map --read_settings_files=on --write_settings_files=off final -c final
Info (20030): Parallel compilation is enabled and will use 8 of the 8 processors detected
Info (12021): Found 1 design units, including 1 entities, in source file final.bdf
    Info (12023): Found entity 1: final
Info (12021): Found 2 design units, including 1 entities, in source file pointsmemory/point.vhd
    Info (12022): Found design unit 1: Point-Main
    Info (12023): Found entity 1: Point
Info (12021): Found 2 design units, including 1 entities, in source file vectortobits.vhd
    Info (12022): Found design unit 1: vectorToBits-main
    Info (12023): Found entity 1: vectorToBits
Info (12127): Elaborating entity "final" for the top level hierarchy
Warning (275011): Block or symbol "seven" of instance "inst11" overlaps another block or symbol
Warning (275011): Block or symbol "GND" of instance "inst30" overlaps another block or symbol
Warning (275011): Block or symbol "GND" of instance "inst34" overlaps another block or symbol
Warning (275008): Primitive "OR2" of instance "inst22" not used
Warning (12125): Using design file win_lose.vhd, which is not specified as a design file for the current project, but contains definitions for 2 design units and 1 entities in project
    Info (12022): Found design unit 1: win_lose-dise
    Info (12023): Found entity 1: win_lose
Info (12128): Elaborating entity "win_lose" for hierarchy "win_lose:inst2"
Warning (10631): VHDL Process Statement warning at win_lose.vhd(28): inferring latch(es) for signal or variable "E2", which holds its previous value in one or more paths through the process
Warning (10631): VHDL Process Statement warning at win_lose.vhd(28): inferring latch(es) for signal or variable "D3", which holds its previous value in one or more paths through the process
Warning (10631): VHDL Process Statement warning at win_lose.vhd(28): inferring latch(es) for signal or variable "C2", which holds its previous value in one or more paths through the process
Warning (10631): VHDL Process Statement warning at win_lose.vhd(28): inferring latch(es) for signal or variable "C1", which holds its previous value in one or more paths through the process
Warning (10631): VHDL Process Statement warning at win_lose.vhd(28): inferring latch(es) for signal or variable "L2", which holds its previous value in one or more paths through the process
Warning (10631): VHDL Process Statement warning at win_lose.vhd(28): inferring latch(es) for signal or variable "L1", which holds its previous value in one or more paths through the process
Warning (10631): VHDL Process Statement warning at win_lose.vhd(28): inferring latch(es) for signal or variable "G2", which holds its previous value in one or more paths through the process
Warning (10631): VHDL Process Statement warning at win_lose.vhd(28): inferring latch(es) for signal or variable "G1", which holds its previous value in one or more paths through the process
Warning (10631): VHDL Process Statement warning at win_lose.vhd(28): inferring latch(es) for signal or variable "U2", which holds its previous value in one or more paths through the process
Warning (10631): VHDL Process Statement warning at win_lose.vhd(28): inferring latch(es) for signal or variable "N1", which holds its previous value in one or more paths through the process
Warning (10631): VHDL Process Statement warning at win_lose.vhd(28): inferring latch(es) for signal or variable "AA2", which holds its previous value in one or more paths through the process
Warning (10631): VHDL Process Statement warning at win_lose.vhd(28): inferring latch(es) for signal or variable "AA1", which holds its previous value in one or more paths through the process
Warning (10631): VHDL Process Statement warning at win_lose.vhd(28): inferring latch(es) for signal or variable "W2", which holds its previous value in one or more paths through the process
Warning (10631): VHDL Process Statement warning at win_lose.vhd(28): inferring latch(es) for signal or variable "U1", which holds its previous value in one or more paths through the process
Info (10041): Inferred latch for "U1" at win_lose.vhd(28)
Info (10041): Inferred latch for "W2" at win_lose.vhd(28)
Info (10041): Inferred latch for "AA1" at win_lose.vhd(28)
Info (10041): Inferred latch for "AA2" at win_lose.vhd(28)
Info (10041): Inferred latch for "N1" at win_lose.vhd(28)
Info (10041): Inferred latch for "U2" at win_lose.vhd(28)
Info (10041): Inferred latch for "G1" at win_lose.vhd(28)
Info (10041): Inferred latch for "G2" at win_lose.vhd(28)
Info (10041): Inferred latch for "L1" at win_lose.vhd(28)
Info (10041): Inferred latch for "L2" at win_lose.vhd(28)
Info (10041): Inferred latch for "C1" at win_lose.vhd(28)
Info (10041): Inferred latch for "C2" at win_lose.vhd(28)
Info (10041): Inferred latch for "D3" at win_lose.vhd(28)
Info (10041): Inferred latch for "E2" at win_lose.vhd(28)
Warning (12125): Using design file comparator8.vhd, which is not specified as a design file for the current project, but contains definitions for 2 design units and 1 entities in project
    Info (12022): Found design unit 1: comparator8-testDemo
    Info (12023): Found entity 1: comparator8
Info (12128): Elaborating entity "comparator8" for hierarchy "comparator8:inst1"
Warning (12125): Using design file bits8_comp.vhd, which is not specified as a design file for the current project, but contains definitions for 2 design units and 1 entities in project
    Info (12022): Found design unit 1: bits8_comp-comp
    Info (12023): Found entity 1: bits8_comp
Info (12128): Elaborating entity "bits8_comp" for hierarchy "bits8_comp:inst8"
Warning (10492): VHDL Process Statement warning at bits8_comp.vhd(19): signal "nofc" is read inside the Process Statement but isn't in the Process Statement's sensitivity list
Info (12128): Elaborating entity "Point" for hierarchy "Point:inst4"
Warning (12125): Using design file clk_gen.bdf, which is not specified as a design file for the current project, but contains definitions for 1 design units and 1 entities in project
    Info (12023): Found entity 1: clk_gen
Info (12128): Elaborating entity "clk_gen" for hierarchy "clk_gen:inst23"
Warning (12125): Using design file div10_t.bdf, which is not specified as a design file for the current project, but contains definitions for 1 design units and 1 entities in project
    Info (12023): Found entity 1: div10_t
Info (12128): Elaborating entity "div10_t" for hierarchy "clk_gen:inst23|div10_t:inst3"
Warning (12125): Using design file switch.vhd, which is not specified as a design file for the current project, but contains definitions for 2 design units and 1 entities in project
    Info (12022): Found design unit 1: switch-addcard
    Info (12023): Found entity 1: switch
Info (12128): Elaborating entity "switch" for hierarchy "switch:inst5"
Warning (12125): Using design file lfsr.vhd, which is not specified as a design file for the current project, but contains definitions for 2 design units and 1 entities in project
    Info (12022): Found design unit 1: lfsr-Main
    Info (12023): Found entity 1: lfsr
Info (12128): Elaborating entity "lfsr" for hierarchy "lfsr:inst"
Warning (12125): Using design file cardnum.vhd, which is not specified as a design file for the current project, but contains definitions for 2 design units and 1 entities in project
    Info (12022): Found design unit 1: cardNum-Main
    Info (12023): Found entity 1: cardNum
Info (12128): Elaborating entity "cardNum" for hierarchy "cardNum:inst7"
Warning (10492): VHDL Process Statement warning at cardnum.vhd(32): signal "nowC" is read inside the Process Statement but isn't in the Process Statement's sensitivity list
Warning (12125): Using design file bits8_comp_b.vhd, which is not specified as a design file for the current project, but contains definitions for 2 design units and 1 entities in project
    Info (12022): Found design unit 1: bits8_comp_b-comp
    Info (12023): Found entity 1: bits8_comp_b
Info (12128): Elaborating entity "bits8_comp_b" for hierarchy "bits8_comp_b:inst20"
Warning (12125): Using design file over11.vhd, which is not specified as a design file for the current project, but contains definitions for 2 design units and 1 entities in project
    Info (12022): Found design unit 1: over11-testDemo
    Info (12023): Found entity 1: over11
Info (12128): Elaborating entity "over11" for hierarchy "over11:inst18"
Warning (12125): Using design file lfsr_add.vhd, which is not specified as a design file for the current project, but contains definitions for 2 design units and 1 entities in project
    Info (12022): Found design unit 1: lfsr_add-Main
    Info (12023): Found entity 1: lfsr_add
Info (12128): Elaborating entity "lfsr_add" for hierarchy "lfsr_add:inst12"
Warning (12125): Using design file seven.vhd, which is not specified as a design file for the current project, but contains definitions for 2 design units and 1 entities in project
    Info (12022): Found design unit 1: seven-arch
    Info (12023): Found entity 1: seven
Info (12128): Elaborating entity "seven" for hierarchy "seven:inst11"
Info (12128): Elaborating entity "vectorToBits" for hierarchy "vectorToBits:inst21"
Warning (10541): VHDL Signal Declaration warning at vectorToBits.vhd(9): used implicit default value for signal "de1" because signal was never assigned a value or an explicit default value. Use of implicit default value may introduce unintended design optimizations.
Warning (10541): VHDL Signal Declaration warning at vectorToBits.vhd(9): used implicit default value for signal "de2" because signal was never assigned a value or an explicit default value. Use of implicit default value may introduce unintended design optimizations.
Warning (10541): VHDL Signal Declaration warning at vectorToBits.vhd(9): used implicit default value for signal "de3" because signal was never assigned a value or an explicit default value. Use of implicit default value may introduce unintended design optimizations.
Warning (10036): Verilog HDL or VHDL warning at vectorToBits.vhd(22): object "de" assigned a value but never read
Warning (13024): Output pins are stuck at VCC or GND
    Warning (13410): Pin "n21" is stuck at VCC
    Warning (13410): Pin "d3" is stuck at VCC
    Warning (13410): Pin "c2" is stuck at VCC
    Warning (13410): Pin "c1" is stuck at VCC
    Warning (13410): Pin "L1" is stuck at VCC
    Warning (13410): Pin "L2" is stuck at VCC
    Warning (13410): Pin "G2" is stuck at VCC
    Warning (13410): Pin "G1" is stuck at VCC
    Warning (13410): Pin "U2" is stuck at VCC
    Warning (13410): Pin "N1" is stuck at VCC
    Warning (13410): Pin "AA2" is stuck at VCC
    Warning (13410): Pin "AA1" is stuck at VCC
    Warning (13410): Pin "W2" is stuck at VCC
    Warning (13410): Pin "U1" is stuck at VCC
    Warning (13410): Pin "a_ab7" is stuck at VCC
    Warning (13410): Pin "b_aa7" is stuck at VCC
    Warning (13410): Pin "c_ab6" is stuck at GND
    Warning (13410): Pin "d_ab5" is stuck at VCC
    Warning (13410): Pin "e_aa9" is stuck at VCC
    Warning (13410): Pin "f_y9" is stuck at VCC
    Warning (13410): Pin "g_ab8" is stuck at VCC
    Warning (13410): Pin "de1" is stuck at GND
    Warning (13410): Pin "de2" is stuck at GND
    Warning (13410): Pin "de3" is stuck at GND
    Warning (13410): Pin "e2" is stuck at VCC
Info (17049): 20 registers lost all their fanouts during netlist optimizations.
Info (16010): Generating hard_block partition "hard_block:auto_generated_inst"
    Info (16011): Adding 0 node(s), including 0 DDIO, 0 PLL, 0 transceiver and 0 LCELL
Warning (21074): Design contains 4 input pin(s) that do not drive logic
    Warning (15610): No output dependent on input pin "clk"
    Warning (15610): No output dependent on input pin "ps3"
    Warning (15610): No output dependent on input pin "c13"
    Warning (15610): No output dependent on input pin "b13"
Info (21057): Implemented 29 device resources after synthesis - the final resource count might be different
    Info (21058): Implemented 4 input pins
    Info (21059): Implemented 25 output pins
Info: Quartus II 64-Bit Analysis & Synthesis was successful. 0 errors, 67 warnings
    Info: Peak virtual memory: 4700 megabytes
    Info: Processing ended: Wed Jun 22 00:11:39 2022
    Info: Elapsed time: 00:00:01
    Info: Total CPU time (on all processors): 00:00:01


